<?xml version="1.0" encoding="utf-8"?>
<coverage line-rate="0.594" branch-rate="0.5014" version="1.9" timestamp="1743932824" lines-covered="2094" lines-valid="3525" branches-covered="349" branches-valid="696">
  <sources>
    <source>C:\Users\Robi\Desktop\ISS 922\UBB-SE-2025-MarketMinds-Steam\BusinessLayer\</source>
  </sources>
  <packages>
    <package name="BusinessLayer" line-rate="0.594" branch-rate="0.5014" complexity="1004">
      <classes>
        <class name="BusinessLayer.Validators.CollectionValidator" filename="Validators\CollectionValidator.cs" line-rate="1" branch-rate="1" complexity="11">
          <methods>
            <method name="IsUserIdValid" signature="(System.Int32)" line-rate="1" branch-rate="1" complexity="1">
              <lines>
                <line number="9" hits="7" branch="False" />
                <line number="10" hits="7" branch="False" />
                <line number="11" hits="7" branch="False" />
              </lines>
            </method>
            <method name="IsNameValid" signature="(System.String)" line-rate="1" branch-rate="1" complexity="2">
              <lines>
                <line number="14" hits="7" branch="False" />
                <line number="15" hits="7" branch="True" condition-coverage="100% (2/2)">
                  <conditions>
                    <condition number="7" type="jump" coverage="100%" />
                  </conditions>
                </line>
                <line number="16" hits="7" branch="False" />
              </lines>
            </method>
            <method name="IsCoverPictureValid" signature="(System.String)" line-rate="1" branch-rate="1" complexity="2">
              <lines>
                <line number="19" hits="5" branch="False" />
                <line number="20" hits="5" branch="True" condition-coverage="100% (2/2)">
                  <conditions>
                    <condition number="2" type="jump" coverage="100%" />
                  </conditions>
                </line>
                <line number="21" hits="5" branch="False" />
              </lines>
            </method>
            <method name="ValidateCollection" signature="(BusinessLayer.Models.Collection)" line-rate="1" branch-rate="1" complexity="6">
              <lines>
                <line number="24" hits="4" branch="False" />
                <line number="25" hits="4" branch="True" condition-coverage="100% (2/2)">
                  <conditions>
                    <condition number="17" type="jump" coverage="100%" />
                  </conditions>
                </line>
                <line number="26" hits="1" branch="False" />
                <line number="28" hits="3" branch="True" condition-coverage="100% (2/2)">
                  <conditions>
                    <condition number="46" type="jump" coverage="100%" />
                  </conditions>
                </line>
                <line number="29" hits="1" branch="False" />
                <line number="31" hits="2" branch="True" condition-coverage="100% (2/2)">
                  <conditions>
                    <condition number="75" type="jump" coverage="100%" />
                  </conditions>
                </line>
                <line number="32" hits="1" branch="False" />
                <line number="33" hits="1" branch="False" />
              </lines>
            </method>
          </methods>
          <lines>
            <line number="9" hits="7" branch="False" />
            <line number="10" hits="7" branch="False" />
            <line number="11" hits="7" branch="False" />
            <line number="14" hits="7" branch="False" />
            <line number="15" hits="7" branch="True" condition-coverage="100% (2/2)">
              <conditions>
                <condition number="7" type="jump" coverage="100%" />
              </conditions>
            </line>
            <line number="16" hits="7" branch="False" />
            <line number="19" hits="5" branch="False" />
            <line number="20" hits="5" branch="True" condition-coverage="100% (2/2)">
              <conditions>
                <condition number="2" type="jump" coverage="100%" />
              </conditions>
            </line>
            <line number="21" hits="5" branch="False" />
            <line number="24" hits="4" branch="False" />
            <line number="25" hits="4" branch="True" condition-coverage="100% (2/2)">
              <conditions>
                <condition number="17" type="jump" coverage="100%" />
              </conditions>
            </line>
            <line number="26" hits="1" branch="False" />
            <line number="28" hits="3" branch="True" condition-coverage="100% (2/2)">
              <conditions>
                <condition number="46" type="jump" coverage="100%" />
              </conditions>
            </line>
            <line number="29" hits="1" branch="False" />
            <line number="31" hits="2" branch="True" condition-coverage="100% (2/2)">
              <conditions>
                <condition number="75" type="jump" coverage="100%" />
              </conditions>
            </line>
            <line number="32" hits="1" branch="False" />
            <line number="33" hits="1" branch="False" />
          </lines>
        </class>
        <class name="BusinessLayer.Validators.FriendshipValidator" filename="Validators\FriendshipValidator.cs" line-rate="1" branch-rate="1" complexity="9">
          <methods>
            <method name="IsUserIdValid" signature="(System.Int32)" line-rate="1" branch-rate="1" complexity="1">
              <lines>
                <line number="8" hits="4" branch="False" />
                <line number="9" hits="4" branch="False" />
                <line number="10" hits="4" branch="False" />
              </lines>
            </method>
            <method name="IsFriendIdValid" signature="(System.Int32)" line-rate="1" branch-rate="1" complexity="1">
              <lines>
                <line number="13" hits="6" branch="False" />
                <line number="14" hits="6" branch="False" />
                <line number="15" hits="6" branch="False" />
              </lines>
            </method>
            <method name="IsNotSelfFriendship" signature="(System.Int32,System.Int32)" line-rate="1" branch-rate="1" complexity="1">
              <lines>
                <line number="18" hits="4" branch="False" />
                <line number="19" hits="4" branch="False" />
                <line number="20" hits="4" branch="False" />
              </lines>
            </method>
            <method name="ValidateFriendship" signature="(BusinessLayer.Models.Friendship)" line-rate="1" branch-rate="1" complexity="6">
              <lines>
                <line number="23" hits="4" branch="False" />
                <line number="24" hits="4" branch="True" condition-coverage="100% (2/2)">
                  <conditions>
                    <condition number="17" type="jump" coverage="100%" />
                  </conditions>
                </line>
                <line number="25" hits="1" branch="False" />
                <line number="27" hits="3" branch="True" condition-coverage="100% (2/2)">
                  <conditions>
                    <condition number="46" type="jump" coverage="100%" />
                  </conditions>
                </line>
                <line number="28" hits="1" branch="False" />
                <line number="30" hits="2" branch="True" condition-coverage="100% (2/2)">
                  <conditions>
                    <condition number="81" type="jump" coverage="100%" />
                  </conditions>
                </line>
                <line number="31" hits="1" branch="False" />
                <line number="32" hits="1" branch="False" />
              </lines>
            </method>
          </methods>
          <lines>
            <line number="8" hits="4" branch="False" />
            <line number="9" hits="4" branch="False" />
            <line number="10" hits="4" branch="False" />
            <line number="13" hits="6" branch="False" />
            <line number="14" hits="6" branch="False" />
            <line number="15" hits="6" branch="False" />
            <line number="18" hits="4" branch="False" />
            <line number="19" hits="4" branch="False" />
            <line number="20" hits="4" branch="False" />
            <line number="23" hits="4" branch="False" />
            <line number="24" hits="4" branch="True" condition-coverage="100% (2/2)">
              <conditions>
                <condition number="17" type="jump" coverage="100%" />
              </conditions>
            </line>
            <line number="25" hits="1" branch="False" />
            <line number="27" hits="3" branch="True" condition-coverage="100% (2/2)">
              <conditions>
                <condition number="46" type="jump" coverage="100%" />
              </conditions>
            </line>
            <line number="28" hits="1" branch="False" />
            <line number="30" hits="2" branch="True" condition-coverage="100% (2/2)">
              <conditions>
                <condition number="81" type="jump" coverage="100%" />
              </conditions>
            </line>
            <line number="31" hits="1" branch="False" />
            <line number="32" hits="1" branch="False" />
          </lines>
        </class>
        <class name="BusinessLayer.Validators.OwnedGameValidator" filename="Validators\OwnedGamesValidator.cs" line-rate="1" branch-rate="1" complexity="11">
          <methods>
            <method name="IsUserIdValid" signature="(System.Int32)" line-rate="1" branch-rate="1" complexity="1">
              <lines>
                <line number="9" hits="7" branch="False" />
                <line number="10" hits="7" branch="False" />
                <line number="11" hits="7" branch="False" />
              </lines>
            </method>
            <method name="IsTitleValid" signature="(System.String)" line-rate="1" branch-rate="1" complexity="2">
              <lines>
                <line number="14" hits="8" branch="False" />
                <line number="15" hits="8" branch="True" condition-coverage="100% (2/2)">
                  <conditions>
                    <condition number="7" type="jump" coverage="100%" />
                  </conditions>
                </line>
                <line number="16" hits="8" branch="False" />
              </lines>
            </method>
            <method name="IsCoverPictureValid" signature="(System.String)" line-rate="1" branch-rate="1" complexity="2">
              <lines>
                <line number="19" hits="5" branch="False" />
                <line number="20" hits="5" branch="True" condition-coverage="100% (2/2)">
                  <conditions>
                    <condition number="2" type="jump" coverage="100%" />
                  </conditions>
                </line>
                <line number="21" hits="5" branch="False" />
              </lines>
            </method>
            <method name="ValidateOwnedGame" signature="(BusinessLayer.Models.OwnedGame)" line-rate="1" branch-rate="1" complexity="6">
              <lines>
                <line number="24" hits="4" branch="False" />
                <line number="25" hits="4" branch="True" condition-coverage="100% (2/2)">
                  <conditions>
                    <condition number="17" type="jump" coverage="100%" />
                  </conditions>
                </line>
                <line number="26" hits="1" branch="False" />
                <line number="28" hits="3" branch="True" condition-coverage="100% (2/2)">
                  <conditions>
                    <condition number="46" type="jump" coverage="100%" />
                  </conditions>
                </line>
                <line number="29" hits="1" branch="False" />
                <line number="31" hits="2" branch="True" condition-coverage="100% (2/2)">
                  <conditions>
                    <condition number="75" type="jump" coverage="100%" />
                  </conditions>
                </line>
                <line number="32" hits="1" branch="False" />
                <line number="33" hits="1" branch="False" />
              </lines>
            </method>
          </methods>
          <lines>
            <line number="9" hits="7" branch="False" />
            <line number="10" hits="7" branch="False" />
            <line number="11" hits="7" branch="False" />
            <line number="14" hits="8" branch="False" />
            <line number="15" hits="8" branch="True" condition-coverage="100% (2/2)">
              <conditions>
                <condition number="7" type="jump" coverage="100%" />
              </conditions>
            </line>
            <line number="16" hits="8" branch="False" />
            <line number="19" hits="5" branch="False" />
            <line number="20" hits="5" branch="True" condition-coverage="100% (2/2)">
              <conditions>
                <condition number="2" type="jump" coverage="100%" />
              </conditions>
            </line>
            <line number="21" hits="5" branch="False" />
            <line number="24" hits="4" branch="False" />
            <line number="25" hits="4" branch="True" condition-coverage="100% (2/2)">
              <conditions>
                <condition number="17" type="jump" coverage="100%" />
              </conditions>
            </line>
            <line number="26" hits="1" branch="False" />
            <line number="28" hits="3" branch="True" condition-coverage="100% (2/2)">
              <conditions>
                <condition number="46" type="jump" coverage="100%" />
              </conditions>
            </line>
            <line number="29" hits="1" branch="False" />
            <line number="31" hits="2" branch="True" condition-coverage="100% (2/2)">
              <conditions>
                <condition number="75" type="jump" coverage="100%" />
              </conditions>
            </line>
            <line number="32" hits="1" branch="False" />
            <line number="33" hits="1" branch="False" />
          </lines>
        </class>
        <class name="BusinessLayer.Validators.UserValidator" filename="Validators\UserValidator.cs" line-rate="1" branch-rate="1" complexity="10">
          <methods>
            <method name="IsPasswordValid" signature="(System.String)" line-rate="1" branch-rate="1" complexity="4">
              <lines>
                <line number="11" hits="12" branch="False" />
                <line number="12" hits="12" branch="True" condition-coverage="100% (4/4)">
                  <conditions>
                    <condition number="7" type="jump" coverage="100%" />
                    <condition number="25" type="jump" coverage="100%" />
                  </conditions>
                </line>
                <line number="13" hits="5" branch="False" />
                <line number="14" hits="5" branch="False" />
                <line number="17" hits="7" branch="False" />
                <line number="18" hits="7" branch="False" />
                <line number="19" hits="7" branch="False" />
                <line number="20" hits="83" branch="False" />
                <line number="22" hits="7" branch="False" />
                <line number="23" hits="12" branch="False" />
              </lines>
            </method>
            <method name="IsEmailValid" signature="(System.String)" line-rate="1" branch-rate="1" complexity="2">
              <lines>
                <line number="26" hits="9" branch="False" />
                <line number="27" hits="9" branch="True" condition-coverage="100% (2/2)">
                  <conditions>
                    <condition number="9" type="jump" coverage="100%" />
                  </conditions>
                </line>
                <line number="28" hits="3" branch="False" />
                <line number="29" hits="3" branch="False" />
                <line number="32" hits="6" branch="False" />
                <line number="33" hits="6" branch="False" />
                <line number="34" hits="9" branch="False" />
              </lines>
            </method>
            <method name="ValidateUser" signature="(BusinessLayer.Models.User)" line-rate="1" branch-rate="1" complexity="4">
              <lines>
                <line number="37" hits="3" branch="False" />
                <line number="38" hits="3" branch="True" condition-coverage="100% (2/2)">
                  <conditions>
                    <condition number="17" type="jump" coverage="100%" />
                  </conditions>
                </line>
                <line number="39" hits="1" branch="False" />
                <line number="41" hits="2" branch="True" condition-coverage="100% (2/2)">
                  <conditions>
                    <condition number="46" type="jump" coverage="100%" />
                  </conditions>
                </line>
                <line number="42" hits="1" branch="False" />
                <line number="43" hits="1" branch="False" />
              </lines>
            </method>
          </methods>
          <lines>
            <line number="11" hits="12" branch="False" />
            <line number="12" hits="12" branch="True" condition-coverage="100% (4/4)">
              <conditions>
                <condition number="7" type="jump" coverage="100%" />
                <condition number="25" type="jump" coverage="100%" />
              </conditions>
            </line>
            <line number="13" hits="5" branch="False" />
            <line number="14" hits="5" branch="False" />
            <line number="17" hits="7" branch="False" />
            <line number="18" hits="7" branch="False" />
            <line number="19" hits="7" branch="False" />
            <line number="20" hits="83" branch="False" />
            <line number="22" hits="7" branch="False" />
            <line number="23" hits="12" branch="False" />
            <line number="26" hits="9" branch="False" />
            <line number="27" hits="9" branch="True" condition-coverage="100% (2/2)">
              <conditions>
                <condition number="9" type="jump" coverage="100%" />
              </conditions>
            </line>
            <line number="28" hits="3" branch="False" />
            <line number="29" hits="3" branch="False" />
            <line number="32" hits="6" branch="False" />
            <line number="33" hits="6" branch="False" />
            <line number="34" hits="9" branch="False" />
            <line number="37" hits="3" branch="False" />
            <line number="38" hits="3" branch="True" condition-coverage="100% (2/2)">
              <conditions>
                <condition number="17" type="jump" coverage="100%" />
              </conditions>
            </line>
            <line number="39" hits="1" branch="False" />
            <line number="41" hits="2" branch="True" condition-coverage="100% (2/2)">
              <conditions>
                <condition number="46" type="jump" coverage="100%" />
              </conditions>
            </line>
            <line number="42" hits="1" branch="False" />
            <line number="43" hits="1" branch="False" />
          </lines>
        </class>
        <class name="BusinessLayer.Utils.PasswordHasher" filename="Utils\PasswordHasher.cs" line-rate="1" branch-rate="1" complexity="5">
          <methods>
            <method name="HashPassword" signature="(System.String)" line-rate="1" branch-rate="1" complexity="1">
              <lines>
                <line number="14" hits="23" branch="False" />
                <line number="15" hits="23" branch="False" />
                <line number="16" hits="23" branch="False" />
              </lines>
            </method>
            <method name="VerifyPassword" signature="(System.String,System.String)" line-rate="1" branch-rate="1" complexity="4">
              <lines>
                <line number="20" hits="16" branch="False" />
                <line number="21" hits="16" branch="True" condition-coverage="100% (4/4)">
                  <conditions>
                    <condition number="7" type="jump" coverage="100%" />
                    <condition number="20" type="jump" coverage="100%" />
                  </conditions>
                </line>
                <line number="22" hits="2" branch="False" />
                <line number="24" hits="14" branch="False" />
                <line number="25" hits="16" branch="False" />
              </lines>
            </method>
          </methods>
          <lines>
            <line number="14" hits="23" branch="False" />
            <line number="15" hits="23" branch="False" />
            <line number="16" hits="23" branch="False" />
            <line number="20" hits="16" branch="False" />
            <line number="21" hits="16" branch="True" condition-coverage="100% (4/4)">
              <conditions>
                <condition number="7" type="jump" coverage="100%" />
                <condition number="20" type="jump" coverage="100%" />
              </conditions>
            </line>
            <line number="22" hits="2" branch="False" />
            <line number="24" hits="14" branch="False" />
            <line number="25" hits="16" branch="False" />
          </lines>
        </class>
        <class name="BusinessLayer.Services.AchievementsService" filename="Services\AchievementsService.cs" line-rate="0" branch-rate="0" complexity="188">
          <methods>
            <method name="GetGroupedAchievementsForUser" signature="(System.Int32)" line-rate="0" branch-rate="1" complexity="1">
              <lines>
                <line number="40" hits="0" branch="False" />
                <line number="42" hits="0" branch="False" />
                <line number="44" hits="0" branch="False" />
                <line number="47" hits="0" branch="False" />
                <line number="50" hits="0" branch="False" />
                <line number="51" hits="0" branch="False" />
                <line number="52" hits="0" branch="False" />
                <line number="53" hits="0" branch="False" />
                <line number="54" hits="0" branch="False" />
                <line number="55" hits="0" branch="False" />
                <line number="56" hits="0" branch="False" />
                <line number="57" hits="0" branch="False" />
                <line number="58" hits="0" branch="False" />
                <line number="59" hits="0" branch="False" />
                <line number="60" hits="0" branch="False" />
                <line number="61" hits="0" branch="False" />
                <line number="63" hits="0" branch="False" />
                <line number="64" hits="0" branch="False" />
                <line number="65" hits="0" branch="False" />
                <line number="67" hits="0" branch="False" />
              </lines>
            </method>
            <method name="FilterByCategory" signature="(System.Collections.Generic.List`1&lt;BusinessLayer.Models.AchievementWithStatus&gt;,System.String)" line-rate="0" branch-rate="1" complexity="1">
              <lines>
                <line number="70" hits="0" branch="False" />
                <line number="71" hits="0" branch="False" />
                <line number="72" hits="0" branch="False" />
              </lines>
            </method>
            <method name="InitializeAchievements" signature="()" line-rate="0" branch-rate="0" complexity="2">
              <lines>
                <line number="80" hits="0" branch="False" />
                <line number="82" hits="0" branch="False" />
                <line number="83" hits="0" branch="False" />
                <line number="84" hits="0" branch="True" condition-coverage="0% (0/2)">
                  <conditions>
                    <condition number="26" type="jump" coverage="0%" />
                  </conditions>
                </line>
                <line number="85" hits="0" branch="False" />
                <line number="86" hits="0" branch="False" />
                <line number="87" hits="0" branch="False" />
                <line number="88" hits="0" branch="False" />
                <line number="89" hits="0" branch="False" />
                <line number="90" hits="0" branch="False" />
                <line number="92" hits="0" branch="False" />
                <line number="93" hits="0" branch="False" />
                <line number="94" hits="0" branch="False" />
                <line number="95" hits="0" branch="False" />
                <line number="96" hits="0" branch="False" />
                <line number="97" hits="0" branch="False" />
                <line number="98" hits="0" branch="False" />
                <line number="99" hits="0" branch="False" />
                <line number="100" hits="0" branch="False" />
              </lines>
            </method>
            <method name="UpdateAchievementIconUrls" signature="()" line-rate="0" branch-rate="0" complexity="4">
              <lines>
                <line number="103" hits="0" branch="False" />
                <line number="105" hits="0" branch="False" />
                <line number="106" hits="0" branch="False" />
                <line number="107" hits="0" branch="False" />
                <line number="108" hits="0" branch="False" />
                <line number="109" hits="0" branch="False" />
                <line number="110" hits="0" branch="False" />
                <line number="111" hits="0" branch="False" />
                <line number="112" hits="0" branch="False" />
                <line number="113" hits="0" branch="False" />
                <line number="114" hits="0" branch="True" condition-coverage="0% (0/2)">
                  <conditions>
                    <condition number="206" type="jump" coverage="0%" />
                  </conditions>
                </line>
                <line number="115" hits="0" branch="False" />
                <line number="116" hits="0" branch="False" />
                <line number="117" hits="0" branch="False" />
                <line number="118" hits="0" branch="False" />
                <line number="120" hits="0" branch="False" />
                <line number="121" hits="0" branch="False" />
                <line number="122" hits="0" branch="False" />
                <line number="123" hits="0" branch="False" />
                <line number="124" hits="0" branch="False" />
                <line number="125" hits="0" branch="True" condition-coverage="0% (0/2)">
                  <conditions>
                    <condition number="279" type="jump" coverage="0%" />
                  </conditions>
                </line>
                <line number="126" hits="0" branch="False" />
                <line number="127" hits="0" branch="False" />
                <line number="128" hits="0" branch="False" />
                <line number="129" hits="0" branch="False" />
                <line number="130" hits="0" branch="False" />
              </lines>
            </method>
            <method name="GetAchievementsForUser" signature="(System.Int32)" line-rate="0" branch-rate="1" complexity="1">
              <lines>
                <line number="134" hits="0" branch="False" />
                <line number="136" hits="0" branch="False" />
                <line number="137" hits="0" branch="False" />
                <line number="139" hits="0" branch="False" />
                <line number="140" hits="0" branch="False" />
                <line number="141" hits="0" branch="False" />
                <line number="143" hits="0" branch="False" />
              </lines>
            </method>
            <method name="UnlockAchievementForUser" signature="(System.Int32)" line-rate="0" branch-rate="0" complexity="92">
              <lines>
                <line number="146" hits="0" branch="False" />
                <line number="148" hits="0" branch="False" />
                <line number="149" hits="0" branch="False" />
                <line number="150" hits="0" branch="False" />
                <line number="151" hits="0" branch="False" />
                <line number="152" hits="0" branch="False" />
                <line number="153" hits="0" branch="False" />
                <line number="154" hits="0" branch="False" />
                <line number="155" hits="0" branch="False" />
                <line number="156" hits="0" branch="False" />
                <line number="158" hits="0" branch="True" condition-coverage="0% (0/10)">
                  <conditions>
                    <condition number="112" type="jump" coverage="0%" />
                    <condition number="116" type="jump" coverage="0%" />
                    <condition number="121" type="jump" coverage="0%" />
                    <condition number="126" type="jump" coverage="0%" />
                    <condition number="140" type="jump" coverage="0%" />
                  </conditions>
                </line>
                <line number="159" hits="0" branch="False" />
                <line number="160" hits="0" branch="False" />
                <line number="161" hits="0" branch="False" />
                <line number="162" hits="0" branch="True" condition-coverage="0% (0/4)">
                  <conditions>
                    <condition number="235" type="jump" coverage="0%" />
                    <condition number="266" type="jump" coverage="0%" />
                  </conditions>
                </line>
                <line number="163" hits="0" branch="False" />
                <line number="164" hits="0" branch="False" />
                <line number="165" hits="0" branch="False" />
                <line number="166" hits="0" branch="False" />
                <line number="167" hits="0" branch="False" />
                <line number="169" hits="0" branch="True" condition-coverage="0% (0/8)">
                  <conditions>
                    <condition number="366" type="jump" coverage="0%" />
                    <condition number="370" type="jump" coverage="0%" />
                    <condition number="375" type="jump" coverage="0%" />
                    <condition number="389" type="jump" coverage="0%" />
                  </conditions>
                </line>
                <line number="170" hits="0" branch="False" />
                <line number="171" hits="0" branch="False" />
                <line number="172" hits="0" branch="False" />
                <line number="173" hits="0" branch="True" condition-coverage="0% (0/4)">
                  <conditions>
                    <condition number="484" type="jump" coverage="0%" />
                    <condition number="515" type="jump" coverage="0%" />
                  </conditions>
                </line>
                <line number="174" hits="0" branch="False" />
                <line number="175" hits="0" branch="False" />
                <line number="176" hits="0" branch="False" />
                <line number="177" hits="0" branch="False" />
                <line number="178" hits="0" branch="False" />
                <line number="180" hits="0" branch="True" condition-coverage="0% (0/8)">
                  <conditions>
                    <condition number="615" type="jump" coverage="0%" />
                    <condition number="619" type="jump" coverage="0%" />
                    <condition number="624" type="jump" coverage="0%" />
                    <condition number="638" type="jump" coverage="0%" />
                  </conditions>
                </line>
                <line number="181" hits="0" branch="False" />
                <line number="182" hits="0" branch="False" />
                <line number="183" hits="0" branch="False" />
                <line number="184" hits="0" branch="True" condition-coverage="0% (0/4)">
                  <conditions>
                    <condition number="733" type="jump" coverage="0%" />
                    <condition number="764" type="jump" coverage="0%" />
                  </conditions>
                </line>
                <line number="185" hits="0" branch="False" />
                <line number="186" hits="0" branch="False" />
                <line number="187" hits="0" branch="False" />
                <line number="188" hits="0" branch="False" />
                <line number="189" hits="0" branch="False" />
                <line number="191" hits="0" branch="True" condition-coverage="0% (0/8)">
                  <conditions>
                    <condition number="864" type="jump" coverage="0%" />
                    <condition number="868" type="jump" coverage="0%" />
                    <condition number="873" type="jump" coverage="0%" />
                    <condition number="887" type="jump" coverage="0%" />
                  </conditions>
                </line>
                <line number="192" hits="0" branch="False" />
                <line number="193" hits="0" branch="False" />
                <line number="194" hits="0" branch="False" />
                <line number="195" hits="0" branch="True" condition-coverage="0% (0/4)">
                  <conditions>
                    <condition number="982" type="jump" coverage="0%" />
                    <condition number="1013" type="jump" coverage="0%" />
                  </conditions>
                </line>
                <line number="196" hits="0" branch="False" />
                <line number="197" hits="0" branch="False" />
                <line number="198" hits="0" branch="False" />
                <line number="199" hits="0" branch="False" />
                <line number="200" hits="0" branch="False" />
                <line number="202" hits="0" branch="True" condition-coverage="0% (0/8)">
                  <conditions>
                    <condition number="1114" type="jump" coverage="0%" />
                    <condition number="1119" type="jump" coverage="0%" />
                    <condition number="1125" type="jump" coverage="0%" />
                    <condition number="1140" type="jump" coverage="0%" />
                  </conditions>
                </line>
                <line number="203" hits="0" branch="False" />
                <line number="204" hits="0" branch="False" />
                <line number="205" hits="0" branch="False" />
                <line number="206" hits="0" branch="True" condition-coverage="0% (0/4)">
                  <conditions>
                    <condition number="1237" type="jump" coverage="0%" />
                    <condition number="1268" type="jump" coverage="0%" />
                  </conditions>
                </line>
                <line number="207" hits="0" branch="False" />
                <line number="208" hits="0" branch="False" />
                <line number="209" hits="0" branch="False" />
                <line number="210" hits="0" branch="False" />
                <line number="211" hits="0" branch="False" />
                <line number="213" hits="0" branch="True" condition-coverage="0% (0/8)">
                  <conditions>
                    <condition number="1369" type="jump" coverage="0%" />
                    <condition number="1374" type="jump" coverage="0%" />
                    <condition number="1380" type="jump" coverage="0%" />
                    <condition number="1395" type="jump" coverage="0%" />
                  </conditions>
                </line>
                <line number="214" hits="0" branch="False" />
                <line number="215" hits="0" branch="False" />
                <line number="216" hits="0" branch="False" />
                <line number="217" hits="0" branch="True" condition-coverage="0% (0/4)">
                  <conditions>
                    <condition number="1492" type="jump" coverage="0%" />
                    <condition number="1523" type="jump" coverage="0%" />
                  </conditions>
                </line>
                <line number="218" hits="0" branch="False" />
                <line number="219" hits="0" branch="False" />
                <line number="220" hits="0" branch="False" />
                <line number="221" hits="0" branch="False" />
                <line number="222" hits="0" branch="False" />
                <line number="223" hits="0" branch="True" condition-coverage="0% (0/8)">
                  <conditions>
                    <condition number="1624" type="jump" coverage="0%" />
                    <condition number="1629" type="jump" coverage="0%" />
                    <condition number="1634" type="jump" coverage="0%" />
                    <condition number="1648" type="jump" coverage="0%" />
                  </conditions>
                </line>
                <line number="224" hits="0" branch="False" />
                <line number="225" hits="0" branch="False" />
                <line number="226" hits="0" branch="False" />
                <line number="227" hits="0" branch="True" condition-coverage="0% (0/4)">
                  <conditions>
                    <condition number="1745" type="jump" coverage="0%" />
                    <condition number="1776" type="jump" coverage="0%" />
                  </conditions>
                </line>
                <line number="228" hits="0" branch="False" />
                <line number="229" hits="0" branch="False" />
                <line number="230" hits="0" branch="False" />
                <line number="231" hits="0" branch="False" />
                <line number="232" hits="0" branch="False" />
                <line number="234" hits="0" branch="True" condition-coverage="0% (0/2)">
                  <conditions>
                    <condition number="1880" type="jump" coverage="0%" />
                  </conditions>
                </line>
                <line number="235" hits="0" branch="False" />
                <line number="236" hits="0" branch="False" />
                <line number="237" hits="0" branch="True" condition-coverage="0% (0/4)">
                  <conditions>
                    <condition number="1904" type="jump" coverage="0%" />
                    <condition number="1935" type="jump" coverage="0%" />
                  </conditions>
                </line>
                <line number="238" hits="0" branch="False" />
                <line number="239" hits="0" branch="False" />
                <line number="240" hits="0" branch="False" />
                <line number="241" hits="0" branch="False" />
                <line number="242" hits="0" branch="False" />
                <line number="243" hits="0" branch="False" />
                <line number="244" hits="0" branch="False" />
                <line number="245" hits="0" branch="False" />
                <line number="246" hits="0" branch="False" />
                <line number="247" hits="0" branch="False" />
              </lines>
            </method>
            <method name="RemoveAchievement" signature="(System.Int32,System.Int32)" line-rate="0" branch-rate="1" complexity="1">
              <lines>
                <line number="254" hits="0" branch="False" />
                <line number="256" hits="0" branch="False" />
                <line number="257" hits="0" branch="False" />
                <line number="258" hits="0" branch="False" />
                <line number="259" hits="0" branch="False" />
                <line number="260" hits="0" branch="False" />
                <line number="261" hits="0" branch="False" />
                <line number="263" hits="0" branch="False" />
              </lines>
            </method>
            <method name="GetUnlockedAchievementsForUser" signature="(System.Int32)" line-rate="0" branch-rate="1" complexity="1">
              <lines>
                <line number="266" hits="0" branch="False" />
                <line number="268" hits="0" branch="False" />
                <line number="269" hits="0" branch="False" />
                <line number="271" hits="0" branch="False" />
                <line number="272" hits="0" branch="False" />
                <line number="273" hits="0" branch="False" />
                <line number="275" hits="0" branch="False" />
              </lines>
            </method>
            <method name="GetAllAchievements" signature="()" line-rate="0" branch-rate="1" complexity="1">
              <lines>
                <line number="278" hits="0" branch="False" />
                <line number="280" hits="0" branch="False" />
                <line number="281" hits="0" branch="False" />
                <line number="283" hits="0" branch="False" />
                <line number="284" hits="0" branch="False" />
                <line number="285" hits="0" branch="False" />
                <line number="287" hits="0" branch="False" />
              </lines>
            </method>
            <method name="GetUnlockedDataForAchievement" signature="(System.Int32,System.Int32)" line-rate="0" branch-rate="1" complexity="1">
              <lines>
                <line number="290" hits="0" branch="False" />
                <line number="292" hits="0" branch="False" />
                <line number="293" hits="0" branch="False" />
                <line number="295" hits="0" branch="False" />
                <line number="296" hits="0" branch="False" />
                <line number="297" hits="0" branch="False" />
                <line number="299" hits="0" branch="False" />
              </lines>
            </method>
            <method name="GetAchievementsWithStatusForUser" signature="(System.Int32)" line-rate="0" branch-rate="1" complexity="1">
              <lines>
                <line number="302" hits="0" branch="False" />
                <line number="304" hits="0" branch="False" />
                <line number="305" hits="0" branch="False" />
                <line number="307" hits="0" branch="False" />
                <line number="308" hits="0" branch="False" />
                <line number="309" hits="0" branch="False" />
                <line number="311" hits="0" branch="False" />
              </lines>
            </method>
            <method name="GetAchievementIdByTypeAndCount" signature="(System.String,System.Int32)" line-rate="0" branch-rate="0" complexity="76">
              <lines>
                <line number="314" hits="0" branch="False" />
                <line number="315" hits="0" branch="True" condition-coverage="0% (0/2)">
                  <conditions>
                    <condition number="14" type="jump" coverage="0%" />
                  </conditions>
                </line>
                <line number="316" hits="0" branch="False" />
                <line number="317" hits="0" branch="True" condition-coverage="0% (0/2)">
                  <conditions>
                    <condition number="26" type="jump" coverage="0%" />
                  </conditions>
                </line>
                <line number="318" hits="0" branch="False" />
                <line number="319" hits="0" branch="True" condition-coverage="0% (0/2)">
                  <conditions>
                    <condition number="56" type="jump" coverage="0%" />
                  </conditions>
                </line>
                <line number="320" hits="0" branch="False" />
                <line number="321" hits="0" branch="True" condition-coverage="0% (0/2)">
                  <conditions>
                    <condition number="89" type="jump" coverage="0%" />
                  </conditions>
                </line>
                <line number="322" hits="0" branch="False" />
                <line number="323" hits="0" branch="True" condition-coverage="0% (0/2)">
                  <conditions>
                    <condition number="122" type="jump" coverage="0%" />
                  </conditions>
                </line>
                <line number="324" hits="0" branch="False" />
                <line number="325" hits="0" branch="True" condition-coverage="0% (0/2)">
                  <conditions>
                    <condition number="155" type="jump" coverage="0%" />
                  </conditions>
                </line>
                <line number="326" hits="0" branch="False" />
                <line number="327" hits="0" branch="False" />
                <line number="328" hits="0" branch="True" condition-coverage="0% (0/2)">
                  <conditions>
                    <condition number="200" type="jump" coverage="0%" />
                  </conditions>
                </line>
                <line number="329" hits="0" branch="False" />
                <line number="330" hits="0" branch="True" condition-coverage="0% (0/2)">
                  <conditions>
                    <condition number="214" type="jump" coverage="0%" />
                  </conditions>
                </line>
                <line number="331" hits="0" branch="False" />
                <line number="332" hits="0" branch="True" condition-coverage="0% (0/2)">
                  <conditions>
                    <condition number="246" type="jump" coverage="0%" />
                  </conditions>
                </line>
                <line number="333" hits="0" branch="False" />
                <line number="334" hits="0" branch="True" condition-coverage="0% (0/2)">
                  <conditions>
                    <condition number="279" type="jump" coverage="0%" />
                  </conditions>
                </line>
                <line number="335" hits="0" branch="False" />
                <line number="336" hits="0" branch="True" condition-coverage="0% (0/2)">
                  <conditions>
                    <condition number="312" type="jump" coverage="0%" />
                  </conditions>
                </line>
                <line number="337" hits="0" branch="False" />
                <line number="338" hits="0" branch="False" />
                <line number="339" hits="0" branch="True" condition-coverage="0% (0/2)">
                  <conditions>
                    <condition number="357" type="jump" coverage="0%" />
                  </conditions>
                </line>
                <line number="340" hits="0" branch="False" />
                <line number="341" hits="0" branch="True" condition-coverage="0% (0/2)">
                  <conditions>
                    <condition number="371" type="jump" coverage="0%" />
                  </conditions>
                </line>
                <line number="342" hits="0" branch="False" />
                <line number="343" hits="0" branch="True" condition-coverage="0% (0/2)">
                  <conditions>
                    <condition number="403" type="jump" coverage="0%" />
                  </conditions>
                </line>
                <line number="344" hits="0" branch="False" />
                <line number="345" hits="0" branch="True" condition-coverage="0% (0/2)">
                  <conditions>
                    <condition number="436" type="jump" coverage="0%" />
                  </conditions>
                </line>
                <line number="346" hits="0" branch="False" />
                <line number="347" hits="0" branch="True" condition-coverage="0% (0/2)">
                  <conditions>
                    <condition number="469" type="jump" coverage="0%" />
                  </conditions>
                </line>
                <line number="348" hits="0" branch="False" />
                <line number="349" hits="0" branch="False" />
                <line number="350" hits="0" branch="True" condition-coverage="0% (0/2)">
                  <conditions>
                    <condition number="514" type="jump" coverage="0%" />
                  </conditions>
                </line>
                <line number="351" hits="0" branch="False" />
                <line number="352" hits="0" branch="True" condition-coverage="0% (0/2)">
                  <conditions>
                    <condition number="528" type="jump" coverage="0%" />
                  </conditions>
                </line>
                <line number="353" hits="0" branch="False" />
                <line number="354" hits="0" branch="True" condition-coverage="0% (0/2)">
                  <conditions>
                    <condition number="560" type="jump" coverage="0%" />
                  </conditions>
                </line>
                <line number="355" hits="0" branch="False" />
                <line number="356" hits="0" branch="True" condition-coverage="0% (0/2)">
                  <conditions>
                    <condition number="593" type="jump" coverage="0%" />
                  </conditions>
                </line>
                <line number="357" hits="0" branch="False" />
                <line number="358" hits="0" branch="True" condition-coverage="0% (0/2)">
                  <conditions>
                    <condition number="626" type="jump" coverage="0%" />
                  </conditions>
                </line>
                <line number="359" hits="0" branch="False" />
                <line number="360" hits="0" branch="False" />
                <line number="361" hits="0" branch="True" condition-coverage="0% (0/2)">
                  <conditions>
                    <condition number="671" type="jump" coverage="0%" />
                  </conditions>
                </line>
                <line number="362" hits="0" branch="False" />
                <line number="363" hits="0" branch="True" condition-coverage="0% (0/2)">
                  <conditions>
                    <condition number="685" type="jump" coverage="0%" />
                  </conditions>
                </line>
                <line number="364" hits="0" branch="False" />
                <line number="365" hits="0" branch="True" condition-coverage="0% (0/2)">
                  <conditions>
                    <condition number="717" type="jump" coverage="0%" />
                  </conditions>
                </line>
                <line number="366" hits="0" branch="False" />
                <line number="367" hits="0" branch="True" condition-coverage="0% (0/2)">
                  <conditions>
                    <condition number="750" type="jump" coverage="0%" />
                  </conditions>
                </line>
                <line number="368" hits="0" branch="False" />
                <line number="369" hits="0" branch="True" condition-coverage="0% (0/2)">
                  <conditions>
                    <condition number="783" type="jump" coverage="0%" />
                  </conditions>
                </line>
                <line number="370" hits="0" branch="False" />
                <line number="371" hits="0" branch="False" />
                <line number="372" hits="0" branch="True" condition-coverage="0% (0/2)">
                  <conditions>
                    <condition number="828" type="jump" coverage="0%" />
                  </conditions>
                </line>
                <line number="373" hits="0" branch="False" />
                <line number="374" hits="0" branch="True" condition-coverage="0% (0/2)">
                  <conditions>
                    <condition number="842" type="jump" coverage="0%" />
                  </conditions>
                </line>
                <line number="375" hits="0" branch="False" />
                <line number="376" hits="0" branch="True" condition-coverage="0% (0/2)">
                  <conditions>
                    <condition number="874" type="jump" coverage="0%" />
                  </conditions>
                </line>
                <line number="377" hits="0" branch="False" />
                <line number="378" hits="0" branch="True" condition-coverage="0% (0/2)">
                  <conditions>
                    <condition number="906" type="jump" coverage="0%" />
                  </conditions>
                </line>
                <line number="379" hits="0" branch="False" />
                <line number="380" hits="0" branch="True" condition-coverage="0% (0/2)">
                  <conditions>
                    <condition number="938" type="jump" coverage="0%" />
                  </conditions>
                </line>
                <line number="381" hits="0" branch="False" />
                <line number="382" hits="0" branch="False" />
                <line number="383" hits="0" branch="True" condition-coverage="0% (0/2)">
                  <conditions>
                    <condition number="983" type="jump" coverage="0%" />
                  </conditions>
                </line>
                <line number="384" hits="0" branch="False" />
                <line number="385" hits="0" branch="True" condition-coverage="0% (0/2)">
                  <conditions>
                    <condition number="994" type="jump" coverage="0%" />
                  </conditions>
                </line>
                <line number="386" hits="0" branch="False" />
                <line number="387" hits="0" branch="True" condition-coverage="0% (0/2)">
                  <conditions>
                    <condition number="1026" type="jump" coverage="0%" />
                  </conditions>
                </line>
                <line number="388" hits="0" branch="False" />
                <line number="389" hits="0" branch="True" condition-coverage="0% (0/2)">
                  <conditions>
                    <condition number="1056" type="jump" coverage="0%" />
                  </conditions>
                </line>
                <line number="390" hits="0" branch="False" />
                <line number="391" hits="0" branch="True" condition-coverage="0% (0/2)">
                  <conditions>
                    <condition number="1086" type="jump" coverage="0%" />
                  </conditions>
                </line>
                <line number="392" hits="0" branch="False" />
                <line number="393" hits="0" branch="False" />
                <line number="394" hits="0" branch="True" condition-coverage="0% (0/2)">
                  <conditions>
                    <condition number="1125" type="jump" coverage="0%" />
                  </conditions>
                </line>
                <line number="395" hits="0" branch="False" />
                <line number="396" hits="0" branch="True" condition-coverage="0% (0/2)">
                  <conditions>
                    <condition number="1136" type="jump" coverage="0%" />
                  </conditions>
                </line>
                <line number="397" hits="0" branch="False" />
                <line number="398" hits="0" branch="False" />
                <line number="400" hits="0" branch="False" />
                <line number="402" hits="0" branch="False" />
                <line number="403" hits="0" branch="False" />
              </lines>
            </method>
            <method name="GetPointsForUnlockedAchievement" signature="(System.Int32,System.Int32)" line-rate="0" branch-rate="0" complexity="4">
              <lines>
                <line number="408" hits="0" branch="False" />
                <line number="410" hits="0" branch="False" />
                <line number="411" hits="0" branch="True" condition-coverage="0% (0/2)">
                  <conditions>
                    <condition number="35" type="jump" coverage="0%" />
                  </conditions>
                </line>
                <line number="412" hits="0" branch="False" />
                <line number="413" hits="0" branch="False" />
                <line number="414" hits="0" branch="False" />
                <line number="415" hits="0" branch="True" condition-coverage="0% (0/2)">
                  <conditions>
                    <condition number="73" type="jump" coverage="0%" />
                  </conditions>
                </line>
                <line number="416" hits="0" branch="False" />
                <line number="417" hits="0" branch="False" />
                <line number="419" hits="0" branch="False" />
                <line number="420" hits="0" branch="False" />
                <line number="422" hits="0" branch="False" />
                <line number="423" hits="0" branch="False" />
                <line number="424" hits="0" branch="False" />
                <line number="426" hits="0" branch="False" />
              </lines>
            </method>
            <method name=".ctor" signature="(BusinessLayer.Repositories.Interfaces.IAchievementsRepository)" line-rate="0" branch-rate="0" complexity="2">
              <lines>
                <line number="74" hits="0" branch="False" />
                <line number="75" hits="0" branch="False" />
                <line number="76" hits="0" branch="True" condition-coverage="0% (0/2)">
                  <conditions>
                    <condition number="11" type="jump" coverage="0%" />
                  </conditions>
                </line>
                <line number="77" hits="0" branch="False" />
              </lines>
            </method>
          </methods>
          <lines>
            <line number="40" hits="0" branch="False" />
            <line number="42" hits="0" branch="False" />
            <line number="44" hits="0" branch="False" />
            <line number="47" hits="0" branch="False" />
            <line number="50" hits="0" branch="False" />
            <line number="51" hits="0" branch="False" />
            <line number="52" hits="0" branch="False" />
            <line number="53" hits="0" branch="False" />
            <line number="54" hits="0" branch="False" />
            <line number="55" hits="0" branch="False" />
            <line number="56" hits="0" branch="False" />
            <line number="57" hits="0" branch="False" />
            <line number="58" hits="0" branch="False" />
            <line number="59" hits="0" branch="False" />
            <line number="60" hits="0" branch="False" />
            <line number="61" hits="0" branch="False" />
            <line number="63" hits="0" branch="False" />
            <line number="64" hits="0" branch="False" />
            <line number="65" hits="0" branch="False" />
            <line number="67" hits="0" branch="False" />
            <line number="70" hits="0" branch="False" />
            <line number="71" hits="0" branch="False" />
            <line number="72" hits="0" branch="False" />
            <line number="80" hits="0" branch="False" />
            <line number="82" hits="0" branch="False" />
            <line number="83" hits="0" branch="False" />
            <line number="84" hits="0" branch="True" condition-coverage="0% (0/2)">
              <conditions>
                <condition number="26" type="jump" coverage="0%" />
              </conditions>
            </line>
            <line number="85" hits="0" branch="False" />
            <line number="86" hits="0" branch="False" />
            <line number="87" hits="0" branch="False" />
            <line number="88" hits="0" branch="False" />
            <line number="89" hits="0" branch="False" />
            <line number="90" hits="0" branch="False" />
            <line number="92" hits="0" branch="False" />
            <line number="93" hits="0" branch="False" />
            <line number="94" hits="0" branch="False" />
            <line number="95" hits="0" branch="False" />
            <line number="96" hits="0" branch="False" />
            <line number="97" hits="0" branch="False" />
            <line number="98" hits="0" branch="False" />
            <line number="99" hits="0" branch="False" />
            <line number="100" hits="0" branch="False" />
            <line number="103" hits="0" branch="False" />
            <line number="105" hits="0" branch="False" />
            <line number="106" hits="0" branch="False" />
            <line number="107" hits="0" branch="False" />
            <line number="108" hits="0" branch="False" />
            <line number="109" hits="0" branch="False" />
            <line number="110" hits="0" branch="False" />
            <line number="111" hits="0" branch="False" />
            <line number="112" hits="0" branch="False" />
            <line number="113" hits="0" branch="False" />
            <line number="114" hits="0" branch="True" condition-coverage="0% (0/2)">
              <conditions>
                <condition number="206" type="jump" coverage="0%" />
              </conditions>
            </line>
            <line number="115" hits="0" branch="False" />
            <line number="116" hits="0" branch="False" />
            <line number="117" hits="0" branch="False" />
            <line number="118" hits="0" branch="False" />
            <line number="120" hits="0" branch="False" />
            <line number="121" hits="0" branch="False" />
            <line number="122" hits="0" branch="False" />
            <line number="123" hits="0" branch="False" />
            <line number="124" hits="0" branch="False" />
            <line number="125" hits="0" branch="True" condition-coverage="0% (0/2)">
              <conditions>
                <condition number="279" type="jump" coverage="0%" />
              </conditions>
            </line>
            <line number="126" hits="0" branch="False" />
            <line number="127" hits="0" branch="False" />
            <line number="128" hits="0" branch="False" />
            <line number="129" hits="0" branch="False" />
            <line number="130" hits="0" branch="False" />
            <line number="134" hits="0" branch="False" />
            <line number="136" hits="0" branch="False" />
            <line number="137" hits="0" branch="False" />
            <line number="139" hits="0" branch="False" />
            <line number="140" hits="0" branch="False" />
            <line number="141" hits="0" branch="False" />
            <line number="143" hits="0" branch="False" />
            <line number="146" hits="0" branch="False" />
            <line number="148" hits="0" branch="False" />
            <line number="149" hits="0" branch="False" />
            <line number="150" hits="0" branch="False" />
            <line number="151" hits="0" branch="False" />
            <line number="152" hits="0" branch="False" />
            <line number="153" hits="0" branch="False" />
            <line number="154" hits="0" branch="False" />
            <line number="155" hits="0" branch="False" />
            <line number="156" hits="0" branch="False" />
            <line number="158" hits="0" branch="True" condition-coverage="0% (0/10)">
              <conditions>
                <condition number="112" type="jump" coverage="0%" />
                <condition number="116" type="jump" coverage="0%" />
                <condition number="121" type="jump" coverage="0%" />
                <condition number="126" type="jump" coverage="0%" />
                <condition number="140" type="jump" coverage="0%" />
              </conditions>
            </line>
            <line number="159" hits="0" branch="False" />
            <line number="160" hits="0" branch="False" />
            <line number="161" hits="0" branch="False" />
            <line number="162" hits="0" branch="True" condition-coverage="0% (0/4)">
              <conditions>
                <condition number="235" type="jump" coverage="0%" />
                <condition number="266" type="jump" coverage="0%" />
              </conditions>
            </line>
            <line number="163" hits="0" branch="False" />
            <line number="164" hits="0" branch="False" />
            <line number="165" hits="0" branch="False" />
            <line number="166" hits="0" branch="False" />
            <line number="167" hits="0" branch="False" />
            <line number="169" hits="0" branch="True" condition-coverage="0% (0/8)">
              <conditions>
                <condition number="366" type="jump" coverage="0%" />
                <condition number="370" type="jump" coverage="0%" />
                <condition number="375" type="jump" coverage="0%" />
                <condition number="389" type="jump" coverage="0%" />
              </conditions>
            </line>
            <line number="170" hits="0" branch="False" />
            <line number="171" hits="0" branch="False" />
            <line number="172" hits="0" branch="False" />
            <line number="173" hits="0" branch="True" condition-coverage="0% (0/4)">
              <conditions>
                <condition number="484" type="jump" coverage="0%" />
                <condition number="515" type="jump" coverage="0%" />
              </conditions>
            </line>
            <line number="174" hits="0" branch="False" />
            <line number="175" hits="0" branch="False" />
            <line number="176" hits="0" branch="False" />
            <line number="177" hits="0" branch="False" />
            <line number="178" hits="0" branch="False" />
            <line number="180" hits="0" branch="True" condition-coverage="0% (0/8)">
              <conditions>
                <condition number="615" type="jump" coverage="0%" />
                <condition number="619" type="jump" coverage="0%" />
                <condition number="624" type="jump" coverage="0%" />
                <condition number="638" type="jump" coverage="0%" />
              </conditions>
            </line>
            <line number="181" hits="0" branch="False" />
            <line number="182" hits="0" branch="False" />
            <line number="183" hits="0" branch="False" />
            <line number="184" hits="0" branch="True" condition-coverage="0% (0/4)">
              <conditions>
                <condition number="733" type="jump" coverage="0%" />
                <condition number="764" type="jump" coverage="0%" />
              </conditions>
            </line>
            <line number="185" hits="0" branch="False" />
            <line number="186" hits="0" branch="False" />
            <line number="187" hits="0" branch="False" />
            <line number="188" hits="0" branch="False" />
            <line number="189" hits="0" branch="False" />
            <line number="191" hits="0" branch="True" condition-coverage="0% (0/8)">
              <conditions>
                <condition number="864" type="jump" coverage="0%" />
                <condition number="868" type="jump" coverage="0%" />
                <condition number="873" type="jump" coverage="0%" />
                <condition number="887" type="jump" coverage="0%" />
              </conditions>
            </line>
            <line number="192" hits="0" branch="False" />
            <line number="193" hits="0" branch="False" />
            <line number="194" hits="0" branch="False" />
            <line number="195" hits="0" branch="True" condition-coverage="0% (0/4)">
              <conditions>
                <condition number="982" type="jump" coverage="0%" />
                <condition number="1013" type="jump" coverage="0%" />
              </conditions>
            </line>
            <line number="196" hits="0" branch="False" />
            <line number="197" hits="0" branch="False" />
            <line number="198" hits="0" branch="False" />
            <line number="199" hits="0" branch="False" />
            <line number="200" hits="0" branch="False" />
            <line number="202" hits="0" branch="True" condition-coverage="0% (0/8)">
              <conditions>
                <condition number="1114" type="jump" coverage="0%" />
                <condition number="1119" type="jump" coverage="0%" />
                <condition number="1125" type="jump" coverage="0%" />
                <condition number="1140" type="jump" coverage="0%" />
              </conditions>
            </line>
            <line number="203" hits="0" branch="False" />
            <line number="204" hits="0" branch="False" />
            <line number="205" hits="0" branch="False" />
            <line number="206" hits="0" branch="True" condition-coverage="0% (0/4)">
              <conditions>
                <condition number="1237" type="jump" coverage="0%" />
                <condition number="1268" type="jump" coverage="0%" />
              </conditions>
            </line>
            <line number="207" hits="0" branch="False" />
            <line number="208" hits="0" branch="False" />
            <line number="209" hits="0" branch="False" />
            <line number="210" hits="0" branch="False" />
            <line number="211" hits="0" branch="False" />
            <line number="213" hits="0" branch="True" condition-coverage="0% (0/8)">
              <conditions>
                <condition number="1369" type="jump" coverage="0%" />
                <condition number="1374" type="jump" coverage="0%" />
                <condition number="1380" type="jump" coverage="0%" />
                <condition number="1395" type="jump" coverage="0%" />
              </conditions>
            </line>
            <line number="214" hits="0" branch="False" />
            <line number="215" hits="0" branch="False" />
            <line number="216" hits="0" branch="False" />
            <line number="217" hits="0" branch="True" condition-coverage="0% (0/4)">
              <conditions>
                <condition number="1492" type="jump" coverage="0%" />
                <condition number="1523" type="jump" coverage="0%" />
              </conditions>
            </line>
            <line number="218" hits="0" branch="False" />
            <line number="219" hits="0" branch="False" />
            <line number="220" hits="0" branch="False" />
            <line number="221" hits="0" branch="False" />
            <line number="222" hits="0" branch="False" />
            <line number="223" hits="0" branch="True" condition-coverage="0% (0/8)">
              <conditions>
                <condition number="1624" type="jump" coverage="0%" />
                <condition number="1629" type="jump" coverage="0%" />
                <condition number="1634" type="jump" coverage="0%" />
                <condition number="1648" type="jump" coverage="0%" />
              </conditions>
            </line>
            <line number="224" hits="0" branch="False" />
            <line number="225" hits="0" branch="False" />
            <line number="226" hits="0" branch="False" />
            <line number="227" hits="0" branch="True" condition-coverage="0% (0/4)">
              <conditions>
                <condition number="1745" type="jump" coverage="0%" />
                <condition number="1776" type="jump" coverage="0%" />
              </conditions>
            </line>
            <line number="228" hits="0" branch="False" />
            <line number="229" hits="0" branch="False" />
            <line number="230" hits="0" branch="False" />
            <line number="231" hits="0" branch="False" />
            <line number="232" hits="0" branch="False" />
            <line number="234" hits="0" branch="True" condition-coverage="0% (0/2)">
              <conditions>
                <condition number="1880" type="jump" coverage="0%" />
              </conditions>
            </line>
            <line number="235" hits="0" branch="False" />
            <line number="236" hits="0" branch="False" />
            <line number="237" hits="0" branch="True" condition-coverage="0% (0/4)">
              <conditions>
                <condition number="1904" type="jump" coverage="0%" />
                <condition number="1935" type="jump" coverage="0%" />
              </conditions>
            </line>
            <line number="238" hits="0" branch="False" />
            <line number="239" hits="0" branch="False" />
            <line number="240" hits="0" branch="False" />
            <line number="241" hits="0" branch="False" />
            <line number="242" hits="0" branch="False" />
            <line number="243" hits="0" branch="False" />
            <line number="244" hits="0" branch="False" />
            <line number="245" hits="0" branch="False" />
            <line number="246" hits="0" branch="False" />
            <line number="247" hits="0" branch="False" />
            <line number="254" hits="0" branch="False" />
            <line number="256" hits="0" branch="False" />
            <line number="257" hits="0" branch="False" />
            <line number="258" hits="0" branch="False" />
            <line number="259" hits="0" branch="False" />
            <line number="260" hits="0" branch="False" />
            <line number="261" hits="0" branch="False" />
            <line number="263" hits="0" branch="False" />
            <line number="266" hits="0" branch="False" />
            <line number="268" hits="0" branch="False" />
            <line number="269" hits="0" branch="False" />
            <line number="271" hits="0" branch="False" />
            <line number="272" hits="0" branch="False" />
            <line number="273" hits="0" branch="False" />
            <line number="275" hits="0" branch="False" />
            <line number="278" hits="0" branch="False" />
            <line number="280" hits="0" branch="False" />
            <line number="281" hits="0" branch="False" />
            <line number="283" hits="0" branch="False" />
            <line number="284" hits="0" branch="False" />
            <line number="285" hits="0" branch="False" />
            <line number="287" hits="0" branch="False" />
            <line number="290" hits="0" branch="False" />
            <line number="292" hits="0" branch="False" />
            <line number="293" hits="0" branch="False" />
            <line number="295" hits="0" branch="False" />
            <line number="296" hits="0" branch="False" />
            <line number="297" hits="0" branch="False" />
            <line number="299" hits="0" branch="False" />
            <line number="302" hits="0" branch="False" />
            <line number="304" hits="0" branch="False" />
            <line number="305" hits="0" branch="False" />
            <line number="307" hits="0" branch="False" />
            <line number="308" hits="0" branch="False" />
            <line number="309" hits="0" branch="False" />
            <line number="311" hits="0" branch="False" />
            <line number="314" hits="0" branch="False" />
            <line number="315" hits="0" branch="True" condition-coverage="0% (0/2)">
              <conditions>
                <condition number="14" type="jump" coverage="0%" />
              </conditions>
            </line>
            <line number="316" hits="0" branch="False" />
            <line number="317" hits="0" branch="True" condition-coverage="0% (0/2)">
              <conditions>
                <condition number="26" type="jump" coverage="0%" />
              </conditions>
            </line>
            <line number="318" hits="0" branch="False" />
            <line number="319" hits="0" branch="True" condition-coverage="0% (0/2)">
              <conditions>
                <condition number="56" type="jump" coverage="0%" />
              </conditions>
            </line>
            <line number="320" hits="0" branch="False" />
            <line number="321" hits="0" branch="True" condition-coverage="0% (0/2)">
              <conditions>
                <condition number="89" type="jump" coverage="0%" />
              </conditions>
            </line>
            <line number="322" hits="0" branch="False" />
            <line number="323" hits="0" branch="True" condition-coverage="0% (0/2)">
              <conditions>
                <condition number="122" type="jump" coverage="0%" />
              </conditions>
            </line>
            <line number="324" hits="0" branch="False" />
            <line number="325" hits="0" branch="True" condition-coverage="0% (0/2)">
              <conditions>
                <condition number="155" type="jump" coverage="0%" />
              </conditions>
            </line>
            <line number="326" hits="0" branch="False" />
            <line number="327" hits="0" branch="False" />
            <line number="328" hits="0" branch="True" condition-coverage="0% (0/2)">
              <conditions>
                <condition number="200" type="jump" coverage="0%" />
              </conditions>
            </line>
            <line number="329" hits="0" branch="False" />
            <line number="330" hits="0" branch="True" condition-coverage="0% (0/2)">
              <conditions>
                <condition number="214" type="jump" coverage="0%" />
              </conditions>
            </line>
            <line number="331" hits="0" branch="False" />
            <line number="332" hits="0" branch="True" condition-coverage="0% (0/2)">
              <conditions>
                <condition number="246" type="jump" coverage="0%" />
              </conditions>
            </line>
            <line number="333" hits="0" branch="False" />
            <line number="334" hits="0" branch="True" condition-coverage="0% (0/2)">
              <conditions>
                <condition number="279" type="jump" coverage="0%" />
              </conditions>
            </line>
            <line number="335" hits="0" branch="False" />
            <line number="336" hits="0" branch="True" condition-coverage="0% (0/2)">
              <conditions>
                <condition number="312" type="jump" coverage="0%" />
              </conditions>
            </line>
            <line number="337" hits="0" branch="False" />
            <line number="338" hits="0" branch="False" />
            <line number="339" hits="0" branch="True" condition-coverage="0% (0/2)">
              <conditions>
                <condition number="357" type="jump" coverage="0%" />
              </conditions>
            </line>
            <line number="340" hits="0" branch="False" />
            <line number="341" hits="0" branch="True" condition-coverage="0% (0/2)">
              <conditions>
                <condition number="371" type="jump" coverage="0%" />
              </conditions>
            </line>
            <line number="342" hits="0" branch="False" />
            <line number="343" hits="0" branch="True" condition-coverage="0% (0/2)">
              <conditions>
                <condition number="403" type="jump" coverage="0%" />
              </conditions>
            </line>
            <line number="344" hits="0" branch="False" />
            <line number="345" hits="0" branch="True" condition-coverage="0% (0/2)">
              <conditions>
                <condition number="436" type="jump" coverage="0%" />
              </conditions>
            </line>
            <line number="346" hits="0" branch="False" />
            <line number="347" hits="0" branch="True" condition-coverage="0% (0/2)">
              <conditions>
                <condition number="469" type="jump" coverage="0%" />
              </conditions>
            </line>
            <line number="348" hits="0" branch="False" />
            <line number="349" hits="0" branch="False" />
            <line number="350" hits="0" branch="True" condition-coverage="0% (0/2)">
              <conditions>
                <condition number="514" type="jump" coverage="0%" />
              </conditions>
            </line>
            <line number="351" hits="0" branch="False" />
            <line number="352" hits="0" branch="True" condition-coverage="0% (0/2)">
              <conditions>
                <condition number="528" type="jump" coverage="0%" />
              </conditions>
            </line>
            <line number="353" hits="0" branch="False" />
            <line number="354" hits="0" branch="True" condition-coverage="0% (0/2)">
              <conditions>
                <condition number="560" type="jump" coverage="0%" />
              </conditions>
[...]
                <line number="142" hits="0" branch="False" />
                <line number="144" hits="0" branch="False" />
                <line number="145" hits="0" branch="False" />
                <line number="146" hits="0" branch="False" />
                <line number="148" hits="0" branch="False" />
                <line number="149" hits="0" branch="False" />
                <line number="150" hits="0" branch="False" />
                <line number="151" hits="0" branch="False" />
                <line number="153" hits="0" branch="True" condition-coverage="0% (0/2)">
                  <conditions>
                    <condition number="38" type="jump" coverage="0%" />
                  </conditions>
                </line>
                <line number="154" hits="0" branch="False" />
                <line number="155" hits="0" branch="False" />
                <line number="156" hits="0" branch="False" />
                <line number="158" hits="0" branch="False" />
                <line number="160" hits="0" branch="False" />
                <line number="161" hits="0" branch="False" />
                <line number="162" hits="0" branch="False" />
                <line number="164" hits="0" branch="False" />
                <line number="165" hits="0" branch="False" />
                <line number="166" hits="0" branch="False" />
                <line number="168" hits="0" branch="False" />
              </lines>
            </method>
            <method name="Dispose" signature="()" line-rate="0" branch-rate="1" complexity="1">
              <lines>
                <line number="231" hits="0" branch="False" />
                <line number="232" hits="0" branch="False" />
                <line number="233" hits="0" branch="False" />
                <line number="234" hits="0" branch="False" />
              </lines>
            </method>
            <method name="Dispose" signature="(System.Boolean)" line-rate="0" branch-rate="0" complexity="2">
              <lines>
                <line number="237" hits="0" branch="False" />
                <line number="238" hits="0" branch="True" condition-coverage="0% (0/2)">
                  <conditions>
                    <condition number="12" type="jump" coverage="0%" />
                  </conditions>
                </line>
                <line number="239" hits="0" branch="False" />
                <line number="240" hits="0" branch="False" />
                <line number="241" hits="0" branch="False" />
                <line number="242" hits="0" branch="False" />
              </lines>
            </method>
            <method name=".ctor" signature="()" line-rate="0.4" branch-rate="0" complexity="4">
              <lines>
                <line number="15" hits="1" branch="False" />
                <line number="16" hits="1" branch="False" />
                <line number="18" hits="1" branch="False" />
                <line number="19" hits="1" branch="False" />
                <line number="20" hits="1" branch="False" />
                <line number="21" hits="1" branch="False" />
                <line number="22" hits="1" branch="False" />
                <line number="24" hits="0" branch="False" />
                <line number="25" hits="0" branch="False" />
                <line number="26" hits="0" branch="False" />
                <line number="27" hits="0" branch="False" />
                <line number="29" hits="0" branch="True" condition-coverage="0% (0/4)">
                  <conditions>
                    <condition number="102" type="jump" coverage="0%" />
                    <condition number="117" type="jump" coverage="0%" />
                  </conditions>
                </line>
                <line number="30" hits="0" branch="False" />
                <line number="31" hits="0" branch="False" />
                <line number="35" hits="0" branch="False" />
                <line number="39" hits="0" branch="False" />
                <line number="40" hits="0" branch="False" />
                <line number="41" hits="0" branch="False" />
                <line number="42" hits="0" branch="False" />
                <line number="43" hits="0" branch="False" />
                <line number="44" hits="0" branch="False" />
                <line number="46" hits="1" branch="False" />
                <line number="47" hits="1" branch="False" />
                <line number="48" hits="1" branch="False" />
                <line number="50" hits="0" branch="False" />
              </lines>
            </method>
            <method name=".cctor" signature="()" line-rate="1" branch-rate="1" complexity="1">
              <lines>
                <line number="11" hits="2" branch="False" />
              </lines>
            </method>
          </methods>
          <lines>
            <line number="52" hits="15" branch="False" />
            <line number="55" hits="0" branch="False" />
            <line number="56" hits="0" branch="True" condition-coverage="0% (0/2)">
              <conditions>
                <condition number="9" type="jump" coverage="0%" />
              </conditions>
            </line>
            <line number="57" hits="0" branch="False" />
            <line number="58" hits="0" branch="False" />
            <line number="61" hits="0" branch="False" />
            <line number="62" hits="0" branch="False" />
            <line number="65" hits="0" branch="False" />
            <line number="67" hits="0" branch="False" />
            <line number="68" hits="0" branch="False" />
            <line number="69" hits="0" branch="False" />
            <line number="70" hits="0" branch="False" />
            <line number="71" hits="0" branch="False" />
            <line number="72" hits="0" branch="False" />
            <line number="74" hits="0" branch="True" condition-coverage="0% (0/2)">
              <conditions>
                <condition number="31" type="jump" coverage="0%" />
              </conditions>
            </line>
            <line number="75" hits="0" branch="False" />
            <line number="76" hits="0" branch="False" />
            <line number="77" hits="0" branch="False" />
            <line number="79" hits="0" branch="False" />
            <line number="80" hits="0" branch="False" />
            <line number="82" hits="0" branch="True" condition-coverage="0% (0/4)">
              <conditions>
                <condition number="63" type="jump" coverage="0%" />
                <condition number="80" type="jump" coverage="0%" />
              </conditions>
            </line>
            <line number="83" hits="0" branch="False" />
            <line number="84" hits="0" branch="False" />
            <line number="87" hits="0" branch="True" condition-coverage="0% (0/4)">
              <conditions>
                <condition number="115" type="jump" coverage="0%" />
                <condition number="154" type="jump" coverage="0%" />
              </conditions>
            </line>
            <line number="88" hits="0" branch="False" />
            <line number="89" hits="0" branch="False" />
            <line number="92" hits="0" branch="False" />
            <line number="94" hits="0" branch="False" />
            <line number="95" hits="0" branch="False" />
            <line number="96" hits="0" branch="False" />
            <line number="98" hits="0" branch="False" />
            <line number="99" hits="0" branch="False" />
            <line number="100" hits="0" branch="False" />
            <line number="102" hits="0" branch="False" />
            <line number="103" hits="0" branch="False" />
            <line number="104" hits="0" branch="False" />
            <line number="106" hits="0" branch="False" />
            <line number="110" hits="0" branch="False" />
            <line number="112" hits="0" branch="False" />
            <line number="113" hits="0" branch="False" />
            <line number="114" hits="0" branch="False" />
            <line number="116" hits="0" branch="False" />
            <line number="117" hits="0" branch="False" />
            <line number="118" hits="0" branch="False" />
            <line number="119" hits="0" branch="False" />
            <line number="121" hits="0" branch="True" condition-coverage="0% (0/2)">
              <conditions>
                <condition number="40" type="jump" coverage="0%" />
              </conditions>
            </line>
            <line number="122" hits="0" branch="False" />
            <line number="123" hits="0" branch="False" />
            <line number="124" hits="0" branch="False" />
            <line number="126" hits="0" branch="False" />
            <line number="127" hits="0" branch="False" />
            <line number="128" hits="0" branch="False" />
            <line number="129" hits="0" branch="False" />
            <line number="131" hits="0" branch="False" />
            <line number="132" hits="0" branch="False" />
            <line number="133" hits="0" branch="False" />
            <line number="135" hits="0" branch="False" />
            <line number="136" hits="0" branch="False" />
            <line number="137" hits="0" branch="False" />
            <line number="139" hits="0" branch="False" />
            <line number="142" hits="0" branch="False" />
            <line number="144" hits="0" branch="False" />
            <line number="145" hits="0" branch="False" />
            <line number="146" hits="0" branch="False" />
            <line number="148" hits="0" branch="False" />
            <line number="149" hits="0" branch="False" />
            <line number="150" hits="0" branch="False" />
            <line number="151" hits="0" branch="False" />
            <line number="153" hits="0" branch="True" condition-coverage="0% (0/2)">
              <conditions>
                <condition number="38" type="jump" coverage="0%" />
              </conditions>
            </line>
            <line number="154" hits="0" branch="False" />
            <line number="155" hits="0" branch="False" />
            <line number="156" hits="0" branch="False" />
            <line number="158" hits="0" branch="False" />
            <line number="160" hits="0" branch="False" />
            <line number="161" hits="0" branch="False" />
            <line number="162" hits="0" branch="False" />
            <line number="164" hits="0" branch="False" />
            <line number="165" hits="0" branch="False" />
            <line number="166" hits="0" branch="False" />
            <line number="168" hits="0" branch="False" />
            <line number="231" hits="0" branch="False" />
            <line number="232" hits="0" branch="False" />
            <line number="233" hits="0" branch="False" />
            <line number="234" hits="0" branch="False" />
            <line number="237" hits="0" branch="False" />
            <line number="238" hits="0" branch="True" condition-coverage="0% (0/2)">
              <conditions>
                <condition number="12" type="jump" coverage="0%" />
              </conditions>
            </line>
            <line number="239" hits="0" branch="False" />
            <line number="240" hits="0" branch="False" />
            <line number="241" hits="0" branch="False" />
            <line number="242" hits="0" branch="False" />
            <line number="15" hits="1" branch="False" />
            <line number="16" hits="1" branch="False" />
            <line number="18" hits="1" branch="False" />
            <line number="19" hits="1" branch="False" />
            <line number="20" hits="1" branch="False" />
            <line number="21" hits="1" branch="False" />
            <line number="22" hits="1" branch="False" />
            <line number="24" hits="0" branch="False" />
            <line number="25" hits="0" branch="False" />
            <line number="26" hits="0" branch="False" />
            <line number="27" hits="0" branch="False" />
            <line number="29" hits="0" branch="True" condition-coverage="0% (0/4)">
              <conditions>
                <condition number="102" type="jump" coverage="0%" />
                <condition number="117" type="jump" coverage="0%" />
              </conditions>
            </line>
            <line number="30" hits="0" branch="False" />
            <line number="31" hits="0" branch="False" />
            <line number="35" hits="0" branch="False" />
            <line number="39" hits="0" branch="False" />
            <line number="40" hits="0" branch="False" />
            <line number="41" hits="0" branch="False" />
            <line number="42" hits="0" branch="False" />
            <line number="43" hits="0" branch="False" />
            <line number="44" hits="0" branch="False" />
            <line number="46" hits="1" branch="False" />
            <line number="47" hits="1" branch="False" />
            <line number="48" hits="1" branch="False" />
            <line number="50" hits="0" branch="False" />
            <line number="11" hits="2" branch="False" />
          </lines>
        </class>
        <class name="BusinessLayer.Data.DataLink/&lt;ExecuteNonQueryAsync&gt;d__11" filename="Data\DataLink.cs" line-rate="0" branch-rate="0" complexity="2">
          <methods>
            <method name="MoveNext" signature="()" line-rate="0" branch-rate="0" complexity="2">
              <lines>
                <line number="202" hits="0" branch="False" />
                <line number="204" hits="0" branch="False" />
                <line number="205" hits="0" branch="False" />
                <line number="206" hits="0" branch="False" />
                <line number="207" hits="0" branch="False" />
                <line number="208" hits="0" branch="False" />
                <line number="209" hits="0" branch="False" />
                <line number="211" hits="0" branch="True" condition-coverage="0% (0/2)">
                  <conditions>
                    <condition number="118" type="jump" coverage="0%" />
                  </conditions>
                </line>
                <line number="212" hits="0" branch="False" />
                <line number="213" hits="0" branch="False" />
                <line number="214" hits="0" branch="False" />
                <line number="216" hits="0" branch="False" />
                <line number="217" hits="0" branch="False" />
                <line number="218" hits="0" branch="False" />
                <line number="219" hits="0" branch="False" />
                <line number="220" hits="0" branch="False" />
                <line number="221" hits="0" branch="False" />
                <line number="223" hits="0" branch="False" />
                <line number="224" hits="0" branch="False" />
                <line number="225" hits="0" branch="False" />
                <line number="227" hits="0" branch="False" />
              </lines>
            </method>
          </methods>
          <lines>
            <line number="202" hits="0" branch="False" />
            <line number="204" hits="0" branch="False" />
            <line number="205" hits="0" branch="False" />
            <line number="206" hits="0" branch="False" />
            <line number="207" hits="0" branch="False" />
            <line number="208" hits="0" branch="False" />
            <line number="209" hits="0" branch="False" />
            <line number="211" hits="0" branch="True" condition-coverage="0% (0/2)">
              <conditions>
                <condition number="118" type="jump" coverage="0%" />
              </conditions>
            </line>
            <line number="212" hits="0" branch="False" />
            <line number="213" hits="0" branch="False" />
            <line number="214" hits="0" branch="False" />
            <line number="216" hits="0" branch="False" />
            <line number="217" hits="0" branch="False" />
            <line number="218" hits="0" branch="False" />
            <line number="219" hits="0" branch="False" />
            <line number="220" hits="0" branch="False" />
            <line number="221" hits="0" branch="False" />
            <line number="223" hits="0" branch="False" />
            <line number="224" hits="0" branch="False" />
            <line number="225" hits="0" branch="False" />
            <line number="227" hits="0" branch="False" />
          </lines>
        </class>
        <class name="BusinessLayer.Data.DataLink/&lt;ExecuteReaderAsync&gt;d__10" filename="Data\DataLink.cs" line-rate="0" branch-rate="0" complexity="2">
          <methods>
            <method name="MoveNext" signature="()" line-rate="0" branch-rate="0" complexity="2">
              <lines>
                <line number="171" hits="0" branch="False" />
                <line number="173" hits="0" branch="False" />
                <line number="174" hits="0" branch="False" />
                <line number="175" hits="0" branch="False" />
                <line number="176" hits="0" branch="False" />
                <line number="177" hits="0" branch="False" />
                <line number="178" hits="0" branch="False" />
                <line number="180" hits="0" branch="True" condition-coverage="0% (0/2)">
                  <conditions>
                    <condition number="118" type="jump" coverage="0%" />
                  </conditions>
                </line>
                <line number="181" hits="0" branch="False" />
                <line number="182" hits="0" branch="False" />
                <line number="183" hits="0" branch="False" />
                <line number="185" hits="0" branch="False" />
                <line number="186" hits="0" branch="False" />
                <line number="187" hits="0" branch="False" />
                <line number="188" hits="0" branch="False" />
                <line number="189" hits="0" branch="False" />
                <line number="191" hits="0" branch="False" />
                <line number="192" hits="0" branch="False" />
                <line number="193" hits="0" branch="False" />
                <line number="195" hits="0" branch="False" />
                <line number="196" hits="0" branch="False" />
                <line number="197" hits="0" branch="False" />
                <line number="199" hits="0" branch="False" />
              </lines>
            </method>
          </methods>
          <lines>
            <line number="171" hits="0" branch="False" />
            <line number="173" hits="0" branch="False" />
            <line number="174" hits="0" branch="False" />
            <line number="175" hits="0" branch="False" />
            <line number="176" hits="0" branch="False" />
            <line number="177" hits="0" branch="False" />
            <line number="178" hits="0" branch="False" />
            <line number="180" hits="0" branch="True" condition-coverage="0% (0/2)">
              <conditions>
                <condition number="118" type="jump" coverage="0%" />
              </conditions>
            </line>
            <line number="181" hits="0" branch="False" />
            <line number="182" hits="0" branch="False" />
            <line number="183" hits="0" branch="False" />
            <line number="185" hits="0" branch="False" />
            <line number="186" hits="0" branch="False" />
            <line number="187" hits="0" branch="False" />
            <line number="188" hits="0" branch="False" />
            <line number="189" hits="0" branch="False" />
            <line number="191" hits="0" branch="False" />
            <line number="192" hits="0" branch="False" />
            <line number="193" hits="0" branch="False" />
            <line number="195" hits="0" branch="False" />
            <line number="196" hits="0" branch="False" />
            <line number="197" hits="0" branch="False" />
            <line number="199" hits="0" branch="False" />
          </lines>
        </class>
      </classes>
    </package>
  </packages>
</coverage>